<?xml version="1.0" encoding="UTF-8"?>
<!-- Generated by org.testng.reporters.JUnitXMLReporter -->
<testsuite hostname="DESKTOP-CRT2G8C" name="SignupPage" tests="1" failures="1" timestamp="8 Oct 2019 06:11:35 GMT" time="10.806" errors="0">
  <testcase name="fillform" time="2.933" classname="com.amazon.qa.testcases.SignupPageTest">
    <failure type="java.lang.IllegalArgumentException" message="Keys to send should be a not null CharSequence">
      <![CDATA[java.lang.IllegalArgumentException: Keys to send should be a not null CharSequence
	at org.openqa.selenium.remote.RemoteWebElement.sendKeys(RemoteWebElement.java:98)
	at org.openqa.selenium.support.events.EventFiringWebDriver$EventFiringWebElement.lambda$new$0(EventFiringWebDriver.java:405)
	at com.sun.proxy.$Proxy12.sendKeys(Unknown Source)
	at org.openqa.selenium.support.events.EventFiringWebDriver$EventFiringWebElement.sendKeys(EventFiringWebDriver.java:430)
	at org.openqa.selenium.support.pagefactory.internal.LocatingElementHandler.invoke(LocatingElementHandler.java:52)
	at com.sun.proxy.$Proxy11.sendKeys(Unknown Source)
	at com.amzon.qa.pages.SignupPage.form(SignupPage.java:49)
	at com.amazon.qa.testcases.SignupPageTest.fillform(SignupPageTest.java:43)
... Removed 32 stack frames]]>
    </failure>
  </testcase> <!-- fillform -->
</testsuite> <!-- SignupPage -->
