<?xml version="1.0" encoding="UTF-8"?>
<!-- Generated by org.testng.reporters.JUnitXMLReporter -->
<testsuite hostname="DESKTOP-CRT2G8C" name="Default test" tests="2" failures="0" timestamp="5 Oct 2019 08:21:28 GMT" time="77.435" errors="0">
  <testcase name="verificationOfSocialBookTitlePage" time="0.557" classname="com.amazon.qa.testcases.SocialStudiesBookTest"/>
  <testcase name="ClickOnTheFirstSocailBook" time="0.396" classname="com.amazon.qa.testcases.SocialStudiesBookTest"/>
</testsuite> <!-- Default test -->
