<?xml version="1.0" encoding="UTF-8"?>
<!-- Generated by org.testng.reporters.JUnitXMLReporter -->
<testsuite hostname="DESKTOP-CRT2G8C" failures="1" tests="3" name="To check HomePage Class Functionality" time="30.679" errors="0" timestamp="12 Jun 2020 05:12:59 GMT">
  <testcase classname="com.amazon.qa.testcases.HomePageTest" name="verifyusername" time="0.149">
    <failure type="java.lang.AssertionError" message="expected [Hello, Deepika] but found [Account &amp;amp; Lists]">
      <![CDATA[java.lang.AssertionError: expected [Hello, Deepika] but found [Account & Lists]
	at com.amazon.qa.testcases.HomePageTest.verifyusername(HomePageTest.java:50)
... Removed 30 stack frames]]>
    </failure>
  </testcase> <!-- verifyusername -->
  <testcase classname="com.amazon.qa.testcases.HomePageTest" name="Navigatetobook" time="0.0">
    <skipped/>
  </testcase> <!-- Navigatetobook -->
  <testcase classname="com.amazon.qa.testcases.HomePageTest" name="click_on_CC" time="0.0">
    <skipped/>
  </testcase> <!-- click_on_CC -->
</testsuite> <!-- To check HomePage Class Functionality -->
