<?xml version="1.0" encoding="UTF-8"?>
<!-- Generated by org.testng.reporters.JUnitXMLReporter -->
<testsuite hostname="DESKTOP-CRT2G8C" failures="0" tests="2" name="To Check login Class Functionality" time="40.641" errors="0" timestamp="24 Apr 2020 10:47:26 GMT">
  <testcase classname="com.amazon.qa.testcases.LoginPageTest" name="ToVerifyThePageTitle" time="0.032"/>
  <testcase classname="com.amazon.qa.testcases.LoginPageTest" name="ToverifyLoginFunctionality" time="4.478"/>
</testsuite> <!-- To Check login Class Functionality -->
