<?xml version="1.0" encoding="UTF-8"?>
<!-- Generated by org.testng.reporters.JUnitXMLReporter -->
<testsuite hostname="DESKTOP-CRT2G8C" failures="0" tests="2" name="To Check login Class Functionality" time="56.23" errors="0" timestamp="12 Jun 2020 05:12:28 GMT">
  <testcase classname="com.amazon.qa.testcases.LoginPageTest" name="ToVerifyThePageTitle" time="0.058"/>
  <testcase classname="com.amazon.qa.testcases.LoginPageTest" name="ToverifyLoginFunctionality" time="5.652"/>
</testsuite> <!-- To Check login Class Functionality -->
