<?xml version="1.0" encoding="UTF-8"?>
<!-- Generated by org.testng.reporters.JUnitXMLReporter -->
<testsuite hostname="DESKTOP-CRT2G8C" failures="1" tests="3" name="TO check the extend report functionality" time="0.425" errors="0" timestamp="23 Apr 2020 12:47:33 GMT">
  <testcase classname="com.amazon.qa.testcases.Dummy" name="testCase1" time="0.015"/>
  <testcase classname="com.amazon.qa.testcases.Dummy" name="testCase2" time="0.003">
    <failure type="java.lang.AssertionError" message="expected [b] but found [abc]">
      <![CDATA[java.lang.AssertionError: expected [b] but found [abc]
	at com.amazon.qa.testcases.Dummy.testCase2(Dummy.java:29)
... Removed 30 stack frames]]>
    </failure>
  </testcase> <!-- testCase2 -->
  <testcase classname="com.amazon.qa.testcases.Dummy" name="testCase3" time="0.002"/>
</testsuite> <!-- TO check the extend report functionality -->
