<?xml version="1.0" encoding="UTF-8"?>
<!-- Generated by org.testng.reporters.JUnitXMLReporter -->
<testsuite hostname="DESKTOP-CRT2G8C" failures="1" tests="3" name="TO check the extend report functionality 1" time="0.017" errors="0" timestamp="23 Apr 2020 12:47:34 GMT">
  <testcase classname="com.amazon.qa.testcases.Dummy1" name="testCase4" time="0.002"/>
  <testcase classname="com.amazon.qa.testcases.Dummy1" name="testCase5" time="0.003">
    <failure type="java.lang.AssertionError" message="expected [b] but found [abc]">
      <![CDATA[java.lang.AssertionError: expected [b] but found [abc]
	at com.amazon.qa.testcases.Dummy1.testCase5(Dummy1.java:33)
... Removed 30 stack frames]]>
    </failure>
  </testcase> <!-- testCase5 -->
  <testcase classname="com.amazon.qa.testcases.Dummy1" name="testCase6" time="0.002"/>
</testsuite> <!-- TO check the extend report functionality 1 -->
