<?xml version="1.0" encoding="UTF-8"?>
<testng-results total="2" passed="2" failed="0" skipped="0">
  <reporter-output>
  </reporter-output>
  <suite started-at="2020-04-24T12:13:16Z" name="Default suite" finished-at="2020-04-24T12:13:56Z" duration-ms="40141">
    <groups>
      <group name="Regression">
        <method signature="LoginPageTest.ToverifyLoginFunctionality()[pri:2, instance:com.amazon.qa.testcases.LoginPageTest@3745e5c6]" name="ToverifyLoginFunctionality" class="com.amazon.qa.testcases.LoginPageTest"/>
      </group> <!-- Regression -->
    </groups>
    <test started-at="2020-04-24T12:13:16Z" name="Default test" finished-at="2020-04-24T12:13:56Z" duration-ms="40141">
      <class name="com.amazon.qa.testcases.LoginPageTest">
        <test-method is-config="true" signature="setup()[pri:0, instance:com.amazon.qa.testcases.LoginPageTest@3745e5c6]" started-at="2020-04-24T17:43:17Z" name="setup" finished-at="2020-04-24T17:43:29Z" duration-ms="12393" status="PASS">
          <reporter-output>
          </reporter-output>
        </test-method> <!-- setup -->
        <test-method signature="ToVerifyThePageTitle()[pri:1, instance:com.amazon.qa.testcases.LoginPageTest@3745e5c6]" started-at="2020-04-24T17:43:29Z" name="ToVerifyThePageTitle" finished-at="2020-04-24T17:43:29Z" duration-ms="19" status="PASS">
          <reporter-output>
          </reporter-output>
        </test-method> <!-- ToVerifyThePageTitle -->
        <test-method is-config="true" signature="close()[pri:0, instance:com.amazon.qa.testcases.LoginPageTest@3745e5c6]" started-at="2020-04-24T17:43:29Z" name="close" finished-at="2020-04-24T17:43:35Z" duration-ms="5989" status="PASS">
          <reporter-output>
          </reporter-output>
        </test-method> <!-- close -->
        <test-method is-config="true" signature="setup()[pri:0, instance:com.amazon.qa.testcases.LoginPageTest@3745e5c6]" started-at="2020-04-24T17:43:35Z" name="setup" finished-at="2020-04-24T17:43:46Z" duration-ms="10611" status="PASS">
          <reporter-output>
          </reporter-output>
        </test-method> <!-- setup -->
        <test-method signature="ToverifyLoginFunctionality()[pri:2, instance:com.amazon.qa.testcases.LoginPageTest@3745e5c6]" started-at="2020-04-24T17:43:46Z" name="ToverifyLoginFunctionality" finished-at="2020-04-24T17:43:49Z" duration-ms="3655" status="PASS">
          <reporter-output>
          </reporter-output>
        </test-method> <!-- ToverifyLoginFunctionality -->
        <test-method is-config="true" signature="close()[pri:0, instance:com.amazon.qa.testcases.LoginPageTest@3745e5c6]" started-at="2020-04-24T17:43:49Z" name="close" finished-at="2020-04-24T17:43:56Z" duration-ms="7127" status="PASS">
          <reporter-output>
          </reporter-output>
        </test-method> <!-- close -->
      </class> <!-- com.amazon.qa.testcases.LoginPageTest -->
    </test> <!-- Default test -->
  </suite> <!-- Default suite -->
</testng-results>
